<?xml version="1.0" encoding="UTF-8"?>
<testng-results ignored="0" total="1" passed="1" failed="0" skipped="0">
  <reporter-output>
  </reporter-output>
  <suite started-at="2023-05-05T06:43:31Z" name="Default suite" finished-at="2023-05-05T06:43:41Z" duration-ms="9980">
    <groups>
    </groups>
    <test started-at="2023-05-05T06:43:31Z" name="Default test" finished-at="2023-05-05T06:43:41Z" duration-ms="9980">
      <class name="OrangeHrm.pages.LoginPageTestCase">
        <test-method signature="testcase()[pri:0, instance:OrangeHrm.pages.LoginPageTestCase@c9d0d6]" started-at="2023-05-05T06:43:32Z" name="testcase" finished-at="2023-05-05T06:43:41Z" duration-ms="9914" status="PASS">
          <reporter-output>
          </reporter-output>
        </test-method> <!-- testcase -->
      </class> <!-- OrangeHrm.pages.LoginPageTestCase -->
    </test> <!-- Default test -->
  </suite> <!-- Default suite -->
</testng-results>
